==3552== Memcheck, a memory error detector
==3552== Copyright (C) 2002-2015, and GNU GPL'd, by Julian Seward et al.
==3552== Using Valgrind-3.11.0 and LibVEX; rerun with -h for copyright info
==3552== Command: bin/xacto -p 9999
==3552== Parent PID: 3540
==3552== 
==3552== 
==3552== FILE DESCRIPTORS: 9 open at exit.
==3552== Open AF_INET socket 6: 127.0.0.1:9999 <-> 127.0.0.1:36062
==3552==    at 0x4E4A750: __accept_nocancel (syscall-template.S:84)
==3552==    by 0x4030FF: Accept (in /home/student/hkapur/hw5/bin/xacto)
==3552==    by 0x4021C5: main (in /home/student/hkapur/hw5/bin/xacto)
==3552== 
==3552== Open AF_INET socket 5: 0.0.0.0:9999 <-> unbound
==3552==    at 0x515F5A7: socket (syscall-template.S:84)
==3552==    by 0x403BFA: open_listenfd (in /home/student/hkapur/hw5/bin/xacto)
==3552==    by 0x403D4C: Open_listenfd (in /home/student/hkapur/hw5/bin/xacto)
==3552==    by 0x40216B: main (in /home/student/hkapur/hw5/bin/xacto)
==3552== 
==3552== Open file descriptor 13: /dev/shm/bxf_arena_3538 (deleted)
==3552==    <inherited from parent>
==3552== 
==3552== Open file descriptor 12: /dev/shm/bxf_arena_3538 (deleted)
==3552==    <inherited from parent>
==3552== 
==3552== Open file descriptor 4:
==3552==    <inherited from parent>
==3552== 
==3552== Open file descriptor 3: /home/student/hkapur/hw5/valgrind.out
==3552==    <inherited from parent>
==3552== 
==3552== Open file descriptor 2: /dev/pts/0
==3552==    <inherited from parent>
==3552== 
==3552== Open file descriptor 1: /dev/pts/0
==3552==    <inherited from parent>
==3552== 
==3552== Open file descriptor 0:
==3552==    <inherited from parent>
==3552== 
==3552== 
==3552== HEAP SUMMARY:
==3552==     in use at exit: 124 bytes in 2 blocks
==3552==   total heap usage: 15 allocs, 13 frees, 11,236 bytes allocated
==3552== 
==3552== LEAK SUMMARY:
==3552==    definitely lost: 0 bytes in 0 blocks
==3552==    indirectly lost: 0 bytes in 0 blocks
==3552==      possibly lost: 0 bytes in 0 blocks
==3552==    still reachable: 124 bytes in 2 blocks
==3552==         suppressed: 0 bytes in 0 blocks
==3552== Reachable blocks (those to which a pointer was found) are not shown.
==3552== To see them, rerun with: --leak-check=full --show-leak-kinds=all
==3552== 
==3552== For counts of detected and suppressed errors, rerun with: -v
==3552== ERROR SUMMARY: 0 errors from 0 contexts (suppressed: 0 from 0)
